[debug] [2024-04-09T02:54:06.654Z] ----------------------------------------------------------------------
[debug] [2024-04-09T02:54:06.656Z] Command:       C:\Program Files\nodejs\node.exe C:\Users\VICTUS\AppData\Roaming\npm\node_modules\firebase-tools\lib\bin\firebase.js init
[debug] [2024-04-09T02:54:06.656Z] CLI Version:   13.1.0
[debug] [2024-04-09T02:54:06.657Z] Platform:      win32
[debug] [2024-04-09T02:54:06.657Z] Node Version:  v21.4.0
[debug] [2024-04-09T02:54:06.657Z] Time:          Tue Apr 09 2024 10:54:06 GMT+0800 (Philippine Standard Time)
[debug] [2024-04-09T02:54:06.657Z] ----------------------------------------------------------------------
[debug] 
[debug] [2024-04-09T02:54:06.663Z] > command requires scopes: ["email","openid","https://www.googleapis.com/auth/cloudplatformprojects.readonly","https://www.googleapis.com/auth/firebase","https://www.googleapis.com/auth/cloud-platform"]
[debug] [2024-04-09T02:54:06.664Z] > authorizing via signed-in user (veliusgefion@gmail.com)
[info] 
     ######## #### ########  ######## ########     ###     ######  ########
     ##        ##  ##     ## ##       ##     ##  ##   ##  ##       ##
     ######    ##  ########  ######   ########  #########  ######  ######
     ##        ##  ##    ##  ##       ##     ## ##     ##       ## ##
     ##       #### ##     ## ######## ########  ##     ##  ######  ########

You're about to initialize a Firebase project in this directory:

  C:\Users\VICTUS\Documents\GitHub\qr-code-ticket-website

[info] 
=== Project Setup
[info] 
[info] First, let's associate this project directory with a Firebase project.
[info] You can create multiple project aliases by running firebase use --add, 
[info] but for now we'll just set up a default project.
[info] 
[debug] [2024-04-09T02:55:01.239Z] > refreshing access token with scopes: []
[debug] [2024-04-09T02:55:01.241Z] >>> [apiv2][query] POST https://www.googleapis.com/oauth2/v3/token [none]
[debug] [2024-04-09T02:55:01.241Z] >>> [apiv2][body] POST https://www.googleapis.com/oauth2/v3/token [omitted]
[debug] [2024-04-09T02:55:01.714Z] <<< [apiv2][status] POST https://www.googleapis.com/oauth2/v3/token 200
[debug] [2024-04-09T02:55:01.714Z] <<< [apiv2][body] POST https://www.googleapis.com/oauth2/v3/token [omitted]
[debug] [2024-04-09T02:55:01.723Z] >>> [apiv2][query] GET https://firebase.googleapis.com/v1beta1/projects pageSize=100
[debug] [2024-04-09T02:55:03.411Z] <<< [apiv2][status] GET https://firebase.googleapis.com/v1beta1/projects 200
[debug] [2024-04-09T02:55:03.412Z] <<< [apiv2][body] GET https://firebase.googleapis.com/v1beta1/projects [omitted]
[info] i  Using project sei-qr-code-ticket (Sei-QR-Code-Ticket) 
[info] 
=== Hosting Setup
[debug] [2024-04-09T02:55:13.137Z] >>> [apiv2][query] GET https://firebase.googleapis.com/v1beta1/projects/sei-qr-code-ticket [none]
[debug] [2024-04-09T02:55:13.856Z] <<< [apiv2][status] GET https://firebase.googleapis.com/v1beta1/projects/sei-qr-code-ticket 200
[debug] [2024-04-09T02:55:13.856Z] <<< [apiv2][body] GET https://firebase.googleapis.com/v1beta1/projects/sei-qr-code-ticket {"projectId":"sei-qr-code-ticket","projectNumber":"21372147762","displayName":"Sei-QR-Code-Ticket","name":"projects/sei-qr-code-ticket","resources":{"hostingSite":"sei-qr-code-ticket"},"state":"ACTIVE","etag":"1_ff1f5458-4d61-4e81-bb25-bd49148e4900"}
[info] 
[info] Your public directory is the folder (relative to your project directory) that
[info] will contain Hosting assets to be uploaded with firebase deploy. If you
[info] have a build process for your assets, use your build's output directory.
[info] 
[info] +  Wrote public/404.html 
[debug] [2024-04-09T03:16:57.900Z] >>> [apiv2][query] GET https://www.gstatic.com/firebasejs/releases.json [none]
[debug] [2024-04-09T03:16:58.227Z] <<< [apiv2][status] GET https://www.gstatic.com/firebasejs/releases.json 200
[debug] [2024-04-09T03:16:58.227Z] <<< [apiv2][body] GET https://www.gstatic.com/firebasejs/releases.json {"current":{"version":"10.10.0","browserURL":"https://www.gstatic.com/firebasejs/10.10.0/firebase.js","packageURL":"https://www.gstatic.com/firebasejs/10.10.0/firebase.tgz"},"live":{"version":"10.10","browserURL":"https://www.gstatic.com/firebasejs/live/10.10/firebase.js","packageURL":"https://www.gstatic.com/firebasejs/live/10.10/firebase.tgz"},"components":{"analytics":"https://www.gstatic.com/firebasejs/10.10.0/firebase-analytics.js","app":"https://www.gstatic.com/firebasejs/10.10.0/firebase-app.js","app-check":"https://www.gstatic.com/firebasejs/10.10.0/firebase-app-check.js","auth":"https://www.gstatic.com/firebasejs/10.10.0/firebase-auth.js","auth/cordova":"https://www.gstatic.com/firebasejs/10.10.0/firebase-auth/cordova.js","auth/web-extension":"https://www.gstatic.com/firebasejs/10.10.0/firebase-auth/web-extension.js","functions":"https://www.gstatic.com/firebasejs/10.10.0/firebase-functions.js","firestore":"https://www.gstatic.com/firebasejs/10.10.0/firebase-firestore.js","firestore/lite":"https://www.gstatic.com/firebasejs/10.10.0/firebase-firestore/lite.js","installations":"https://www.gstatic.com/firebasejs/10.10.0/firebase-installations.js","storage":"https://www.gstatic.com/firebasejs/10.10.0/firebase-storage.js","performance":"https://www.gstatic.com/firebasejs/10.10.0/firebase-performance.js","remote-config":"https://www.gstatic.com/firebasejs/10.10.0/firebase-remote-config.js","messaging":"https://www.gstatic.com/firebasejs/10.10.0/firebase-messaging.js","messaging/sw":"https://www.gstatic.com/firebasejs/10.10.0/firebase-messaging/sw.js","database":"https://www.gstatic.com/firebasejs/10.10.0/firebase-database.js","firestore.memory":"https://www.gstatic.com/firebasejs/10.10.0/firebase-firestore.memory.js"}}
[info] i  Skipping write of public/index.html 
[info] 
[info] i  Detected a .git folder at C:\Users\VICTUS\Documents\GitHub\qr-code-ticket-website 
[info] i  Authorizing with GitHub to upload your service account to a GitHub repository's secrets store. 
[info] 
[info] Visit this URL on this device to log in:
[info] https://github.com/login/oauth/authorize?client_id=89cf50f02ac6aaed3484&state=19441707&redirect_uri=http%3A%2F%2Flocalhost%3A9005&scope=read%3Auser%20repo%20public_repo
[info] 
[info] Waiting for authentication...
[debug] [2024-04-09T03:17:05.560Z] >>> [apiv2][query] POST https://github.com/login/oauth/access_token [none]
[debug] [2024-04-09T03:17:05.560Z] >>> [apiv2][body] POST https://github.com/login/oauth/access_token [stream]
[debug] [2024-04-09T03:17:06.086Z] <<< [apiv2][status] POST https://github.com/login/oauth/access_token 200
[debug] [2024-04-09T03:17:06.086Z] <<< [apiv2][body] POST https://github.com/login/oauth/access_token {"access_token":"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","token_type":"bearer","scope":"read:user,repo"}
[debug] [2024-04-09T03:17:06.093Z] >>> [apiv2][query] GET https://api.github.com/user [none]
[debug] [2024-04-09T03:17:06.588Z] <<< [apiv2][status] GET https://api.github.com/user 200
[debug] [2024-04-09T03:17:06.588Z] <<< [apiv2][body] GET https://api.github.com/user {"login":"Velius-Gefion","id":97680953,"node_id":"U_kgDOBdJ-OQ","avatar_url":"https://avatars.githubusercontent.com/u/97680953?v=4","gravatar_id":"","url":"https://api.github.com/users/Velius-Gefion","html_url":"https://github.com/Velius-Gefion","followers_url":"https://api.github.com/users/Velius-Gefion/followers","following_url":"https://api.github.com/users/Velius-Gefion/following{/other_user}","gists_url":"https://api.github.com/users/Velius-Gefion/gists{/gist_id}","starred_url":"https://api.github.com/users/Velius-Gefion/starred{/owner}{/repo}","subscriptions_url":"https://api.github.com/users/Velius-Gefion/subscriptions","organizations_url":"https://api.github.com/users/Velius-Gefion/orgs","repos_url":"https://api.github.com/users/Velius-Gefion/repos","events_url":"https://api.github.com/users/Velius-Gefion/events{/privacy}","received_events_url":"https://api.github.com/users/Velius-Gefion/received_events","type":"User","site_admin":false,"name":null,"company":null,"blog":"","location":null,"email":null,"hireable":null,"bio":null,"twitter_username":null,"public_repos":10,"public_gists":0,"followers":1,"following":2,"created_at":"2022-01-13T13:56:18Z","updated_at":"2024-04-09T02:57:37Z","private_gists":0,"total_private_repos":1,"owned_private_repos":1,"disk_usage":49015,"collaborators":0,"two_factor_authentication":true,"plan":{"name":"free","space":976562499,"collaborators":0,"private_repos":10000}}
[info] 
[info] +  Success! Logged into GitHub as Velius-Gefion 
[info] 
